ChildApp_ert_rtw/ChildApp/build/intermediates/manifest_merge_blame_file/debug/manifest-merger-blame-debug-report.txt
1<?xml version="1.0" encoding="utf-8"?>
2<manifest xmlns:android="http://schemas.android.com/apk/res/android"
3    package="com.example.ChildApp"
4    android:versionCode="1"
5    android:versionName="1.0" >
6
7    <uses-sdk
8        android:minSdkVersion="17"
8-->src\main\AndroidManifest.xml
9        android:targetSdkVersion="28" />
9-->src\main\AndroidManifest.xml
10
11    <uses-permission android:name="android.permission.ACCESS_WIFI_STATE" />
11-->src\main\AndroidManifest.xml:10:1-71
11-->src\main\AndroidManifest.xml:10:18-69
12    <uses-permission android:name="android.permission.MODIFY_AUDIO_SETTINGS" />
12-->src\main\AndroidManifest.xml:10:71-145
12-->src\main\AndroidManifest.xml:10:88-143
13    <uses-permission android:name="android.permission.RECORD_AUDIO" />
13-->src\main\AndroidManifest.xml:11:1-66
13-->src\main\AndroidManifest.xml:11:18-64
14    <uses-permission android:name="android.permission.INTERNET" />
14-->src\main\AndroidManifest.xml:12:1-62
14-->src\main\AndroidManifest.xml:12:18-60
15    <uses-permission android:name="android.permission.ACCESS_FINE_LOCATION" />
15-->src\main\AndroidManifest.xml:13:1-74
15-->src\main\AndroidManifest.xml:13:18-72
16    <uses-permission android:name="android.permission.ACCESS_NETWORK_STATE" />
16-->src\main\AndroidManifest.xml:14:1-74
16-->src\main\AndroidManifest.xml:14:18-72
17    <uses-permission android:name="android.permission.CAMERA" />
17-->src\main\AndroidManifest.xml:15:1-60
17-->src\main\AndroidManifest.xml:15:18-58
18
19    <uses-feature android:name="android.hardware.camera" />
19-->src\main\AndroidManifest.xml:16:1-55
19-->src\main\AndroidManifest.xml:16:15-53
20    <uses-feature android:name="android.hardware.camera.autofocus" />
20-->src\main\AndroidManifest.xml:17:1-65
20-->src\main\AndroidManifest.xml:17:15-63
21
22    <application
22-->src\main\AndroidManifest.xml:2:5-9:19
23        android:appComponentFactory="androidx.core.app.CoreComponentFactory"
23-->[androidx.core:core:1.3.1] AndroidManifest.xml:24:18-86
24        android:debuggable="true"
25        android:icon="@drawable/ic_launcher"
25-->src\main\AndroidManifest.xml:2:18-54
26        android:label="@string/app_name"
26-->src\main\AndroidManifest.xml:2:55-87
27        android:theme="@style/MWAppTheme" >
27-->src\main\AndroidManifest.xml:2:88-121
28        <activity
28-->src\main\AndroidManifest.xml:3:9-8:20
29            android:name="com.example.ChildApp.ChildApp"
29-->src\main\AndroidManifest.xml:3:52-75
30            android:configChanges="orientation|screenSize"
30-->src\main\AndroidManifest.xml:3:122-168
31            android:label="@string/app_name"
31-->src\main\AndroidManifest.xml:3:19-51
32            android:theme="@style/MWAppTheme.NoActionBar" >
32-->src\main\AndroidManifest.xml:3:76-121
33            <intent-filter>
33-->src\main\AndroidManifest.xml:4:13-7:29
34                <action android:name="android.intent.action.MAIN" />
34-->src\main\AndroidManifest.xml:5:17-68
34-->src\main\AndroidManifest.xml:5:25-66
35
36                <category android:name="android.intent.category.LAUNCHER" />
36-->src\main\AndroidManifest.xml:6:17-76
36-->src\main\AndroidManifest.xml:6:27-74
37            </intent-filter>
38        </activity>
39    </application>
40
41</manifest>